<?xml version="1.0" encoding="UTF-8"?>
<!-- Generated by org.testng.reporters.JUnitReportReporter -->
<testsuite skipped="0" hostname="si-shoukath-ali" name="test1" tests="3" failures="0" timestamp="10 Apr 2018 12:19:37 GMT" time="0.000" errors="0">
  <testcase name="OpeningBrowser" time="0.000" classname="test1"/>
  <testcase name="FlightCancel" time="0.000" classname="test1"/>
  <testcase name="FlightBooking" time="0.000" classname="test1"/>
</testsuite> <!-- test1 -->
